# JRE version: Java(TM) SE Runtime Environment (8.0_321-b07) (build 1.8.0_321-b07)
# Java VM: Java HotSpot(TM) 64-Bit Server VM (25.321-b07 mixed mode windows-amd64 compressed oops)
Heap:
 PSYoungGen      total 245248K, used 9367K [0x0000000743100000, 0x0000000754600000, 0x00000007c0000000)
  eden space 237056K, 3% used [0x0000000743100000,0x0000000743a25e88,0x0000000751880000)
  from space 8192K, 0% used [0x0000000753e00000,0x0000000753e00000,0x0000000754600000)
  to   space 17920K, 0% used [0x0000000752300000,0x0000000752300000,0x0000000753480000)
 ParOldGen       total 200192K, used 24136K [0x0000000649200000, 0x0000000655580000, 0x0000000743100000)
  object space 200192K, 12% used [0x0000000649200000,0x000000064a9923a8,0x0000000655580000)
 Metaspace       used 48742K, capacity 51826K, committed 51968K, reserved 1099776K
  class space    used 6850K, capacity 7393K, committed 7424K, reserved 1048576K
GC Heap History (10 events):
Event: 4.838 GC heap before
{Heap before GC invocations=9 (full 3):
 PSYoungGen      total 245248K, used 8015K [0x0000000743100000, 0x0000000754600000, 0x00000007c0000000)
  eden space 237056K, 0% used [0x0000000743100000,0x0000000743100000,0x0000000751880000)
  from space 8192K, 97% used [0x0000000753e00000,0x00000007545d3fc0,0x0000000754600000)
  to   space 17920K, 0% used [0x0000000752300000,0x0000000752300000,0x0000000753480000)
 ParOldGen       total 200192K, used 15448K [0x0000000649200000, 0x0000000655580000, 0x0000000743100000)
  object space 200192K, 7% used [0x0000000649200000,0x000000064a1163b0,0x0000000655580000)
 Metaspace       used 40355K, capacity 42868K, committed 43008K, reserved 1093632K
  class space    used 5595K, capacity 6080K, committed 6144K, reserved 1048576K
Event: 4.966 GC heap after
Heap after GC invocations=9 (full 3):
 PSYoungGen      total 245248K, used 0K [0x0000000743100000, 0x0000000754600000, 0x00000007c0000000)
  eden space 237056K, 0% used [0x0000000743100000,0x0000000743100000,0x0000000751880000)
  from space 8192K, 0% used [0x0000000753e00000,0x0000000753e00000,0x0000000754600000)
  to   space 17920K, 0% used [0x0000000752300000,0x0000000752300000,0x0000000753480000)
 ParOldGen       total 200192K, used 22139K [0x0000000649200000, 0x0000000655580000, 0x0000000743100000)
  object space 200192K, 11% used [0x0000000649200000,0x000000064a79eca8,0x0000000655580000)
 Metaspace       used 40355K, capacity 42868K, committed 43008K, reserved 1091584K
  class space    used 5595K, capacity 6080K, committed 6144K, reserved 1048576K
}
Event: 5.609 GC heap before
{Heap before GC invocations=10 (full 3):
 PSYoungGen      total 245248K, used 96331K [0x0000000743100000, 0x0000000754600000, 0x00000007c0000000)
  eden space 237056K, 40% used [0x0000000743100000,0x0000000748f12db8,0x0000000751880000)
  from space 8192K, 0% used [0x0000000753e00000,0x0000000753e00000,0x0000000754600000)
  to   space 17920K, 0% used [0x0000000752300000,0x0000000752300000,0x0000000753480000)
 ParOldGen       total 200192K, used 22139K [0x0000000649200000, 0x0000000655580000, 0x0000000743100000)
  object space 200192K, 11% used [0x0000000649200000,0x000000064a79eca8,0x0000000655580000)
 Metaspace       used 48536K, capacity 51612K, committed 51712K, reserved 1101824K
  class space    used 6798K, capacity 7352K, committed 7424K, reserved 1048576K
Event: 5.616 GC heap after
Heap after GC invocations=10 (full 3):
 PSYoungGen      total 254976K, used 9476K [0x0000000743100000, 0x0000000754600000, 0x00000007c0000000)
  eden space 237056K, 0% used [0x0000000743100000,0x0000000743100000,0x0000000751880000)
  from space 17920K, 52% used [0x0000000752300000,0x0000000752c41388,0x0000000753480000)
  to   space 8192K, 0% used [0x0000000753e00000,0x0000000753e00000,0x0000000754600000)
 ParOldGen       total 200192K, used 22147K [0x0000000649200000, 0x0000000655580000, 0x0000000743100000)
  object space 200192K, 11% used [0x0000000649200000,0x000000064a7a0ca8,0x0000000655580000)
 Metaspace       used 48536K, capacity 51612K, committed 51712K, reserved 1101824K
  class space    used 6798K, capacity 7352K, committed 7424K, reserved 1048576K
}
Event: 5.616 GC heap before
{Heap before GC invocations=11 (full 4):
 PSYoungGen      total 254976K, used 9476K [0x0000000743100000, 0x0000000754600000, 0x00000007c0000000)
  eden space 237056K, 0% used [0x0000000743100000,0x0000000743100000,0x0000000751880000)
  from space 17920K, 52% used [0x0000000752300000,0x0000000752c41388,0x0000000753480000)
  to   space 8192K, 0% used [0x0000000753e00000,0x0000000753e00000,0x0000000754600000)
 ParOldGen       total 200192K, used 22147K [0x0000000649200000, 0x0000000655580000, 0x0000000743100000)
  object space 200192K, 11% used [0x0000000649200000,0x000000064a7a0ca8,0x0000000655580000)
 Metaspace       used 48536K, capacity 51612K, committed 51712K, reserved 1101824K
  class space    used 6798K, capacity 7352K, committed 7424K, reserved 1048576K
Event: 5.670 GC heap after
Heap after GC invocations=11 (full 4):
 PSYoungGen      total 254976K, used 0K [0x0000000743100000, 0x0000000754600000, 0x00000007c0000000)
  eden space 237056K, 0% used [0x0000000743100000,0x0000000743100000,0x0000000751880000)
  from space 17920K, 0% used [0x0000000752300000,0x0000000752300000,0x0000000753480000)
  to   space 8192K, 0% used [0x0000000753e00000,0x0000000753e00000,0x0000000754600000)
 ParOldGen       total 200192K, used 25177K [0x0000000649200000, 0x0000000655580000, 0x0000000743100000)
  object space 200192K, 12% used [0x0000000649200000,0x000000064aa96680,0x0000000655580000)
 Metaspace       used 48536K, capacity 51612K, committed 51712K, reserved 1099776K
  class space    used 6798K, capacity 7352K, committed 7424K, reserved 1048576K
}
Event: 5.670 GC heap before
{Heap before GC invocations=12 (full 4):
 PSYoungGen      total 254976K, used 0K [0x0000000743100000, 0x0000000754600000, 0x00000007c0000000)
  eden space 237056K, 0% used [0x0000000743100000,0x0000000743100000,0x0000000751880000)
  from space 17920K, 0% used [0x0000000752300000,0x0000000752300000,0x0000000753480000)
  to   space 8192K, 0% used [0x0000000753e00000,0x0000000753e00000,0x0000000754600000)
 ParOldGen       total 200192K, used 25177K [0x0000000649200000, 0x0000000655580000, 0x0000000743100000)
  object space 200192K, 12% used [0x0000000649200000,0x000000064aa96680,0x0000000655580000)
 Metaspace       used 48536K, capacity 51612K, committed 51712K, reserved 1103872K
  class space    used 6798K, capacity 7352K, committed 7424K, reserved 1048576K
Event: 5.672 GC heap after
Heap after GC invocations=12 (full 4):
 PSYoungGen      total 245248K, used 0K [0x0000000743100000, 0x0000000754600000, 0x00000007c0000000)
  eden space 237056K, 0% used [0x0000000743100000,0x0000000743100000,0x0000000751880000)
  from space 8192K, 0% used [0x0000000753e00000,0x0000000753e00000,0x0000000754600000)
  to   space 17920K, 0% used [0x0000000752300000,0x0000000752300000,0x0000000753480000)
 ParOldGen       total 200192K, used 25177K [0x0000000649200000, 0x0000000655580000, 0x0000000743100000)
  object space 200192K, 12% used [0x0000000649200000,0x000000064aa96680,0x0000000655580000)
 Metaspace       used 48536K, capacity 51612K, committed 51712K, reserved 1103872K
  class space    used 6798K, capacity 7352K, committed 7424K, reserved 1048576K
}
Event: 5.672 GC heap before
{Heap before GC invocations=13 (full 5):
 PSYoungGen      total 245248K, used 0K [0x0000000743100000, 0x0000000754600000, 0x00000007c0000000)
  eden space 237056K, 0% used [0x0000000743100000,0x0000000743100000,0x0000000751880000)
  from space 8192K, 0% used [0x0000000753e00000,0x0000000753e00000,0x0000000754600000)
  to   space 17920K, 0% used [0x0000000752300000,0x0000000752300000,0x0000000753480000)
 ParOldGen       total 200192K, used 25177K [0x0000000649200000, 0x0000000655580000, 0x0000000743100000)
  object space 200192K, 12% used [0x0000000649200000,0x000000064aa96680,0x0000000655580000)
 Metaspace       used 48536K, capacity 51612K, committed 51712K, reserved 1103872K
  class space    used 6798K, capacity 7352K, committed 7424K, reserved 1048576K
Event: 5.762 GC heap after
Heap after GC invocations=13 (full 5):
 PSYoungGen      total 245248K, used 0K [0x0000000743100000, 0x0000000754600000, 0x00000007c0000000)
  eden space 237056K, 0% used [0x0000000743100000,0x0000000743100000,0x0000000751880000)
  from space 8192K, 0% used [0x0000000753e00000,0x0000000753e00000,0x0000000754600000)
  to   space 17920K, 0% used [0x0000000752300000,0x0000000752300000,0x0000000753480000)
 ParOldGen       total 200192K, used 24136K [0x0000000649200000, 0x0000000655580000, 0x0000000743100000)
  object space 200192K, 12% used [0x0000000649200000,0x000000064a9923a8,0x0000000655580000)
 Metaspace       used 48536K, capacity 51612K, committed 51712K, reserved 1099776K
  class space    used 6798K, capacity 7352K, committed 7424K, reserved 1048576K
}

