# JRE version: Java(TM) SE Runtime Environment (8.0_77-b03) (build 1.8.0_77-b03)
# Java VM: Java HotSpot(TM) 64-Bit Server VM (25.77-b03 mixed mode windows-amd64 compressed oops)
Heap:
 PSYoungGen      total 112128K, used 20875K [0x0000000743100000, 0x000000074c580000, 0x00000007c0000000)
  eden space 96256K, 21% used [0x0000000743100000,0x0000000744562c80,0x0000000748f00000)
  from space 15872K, 0% used [0x0000000748f00000,0x0000000748f00000,0x0000000749e80000)
  to   space 15872K, 0% used [0x000000074b600000,0x000000074b600000,0x000000074c580000)
 ParOldGen       total 169984K, used 8246K [0x0000000649200000, 0x0000000653800000, 0x0000000743100000)
  object space 169984K, 4% used [0x0000000649200000,0x0000000649a0d960,0x0000000653800000)
 Metaspace       used 22105K, capacity 23632K, committed 23984K, reserved 1073152K
  class space    used 2869K, capacity 3190K, committed 3248K, reserved 1048576K
GC Heap History (10 events):
Event: 0.348 GC heap before
{Heap before GC invocations=1 (full 0):
 PSYoungGen      total 112128K, used 23145K [0x0000000743100000, 0x000000074ae00000, 0x00000007c0000000)
  eden space 96256K, 24% used [0x0000000743100000,0x000000074479a680,0x0000000748f00000)
  from space 15872K, 0% used [0x0000000749e80000,0x0000000749e80000,0x000000074ae00000)
  to   space 15872K, 0% used [0x0000000748f00000,0x0000000748f00000,0x0000000749e80000)
 ParOldGen       total 257024K, used 0K [0x0000000649200000, 0x0000000658d00000, 0x0000000743100000)
  object space 257024K, 0% used [0x0000000649200000,0x0000000649200000,0x0000000658d00000)
 Metaspace       used 5641K, capacity 5700K, committed 5760K, reserved 1060864K
  class space    used 611K, capacity 624K, committed 640K, reserved 1048576K
Event: 0.351 GC heap after
Heap after GC invocations=1 (full 0):
 PSYoungGen      total 112128K, used 2605K [0x0000000743100000, 0x000000074ae00000, 0x00000007c0000000)
  eden space 96256K, 0% used [0x0000000743100000,0x0000000743100000,0x0000000748f00000)
  from space 15872K, 16% used [0x0000000748f00000,0x000000074918b508,0x0000000749e80000)
  to   space 15872K, 0% used [0x0000000749e80000,0x0000000749e80000,0x000000074ae00000)
 ParOldGen       total 257024K, used 8K [0x0000000649200000, 0x0000000658d00000, 0x0000000743100000)
  object space 257024K, 0% used [0x0000000649200000,0x0000000649202000,0x0000000658d00000)
 Metaspace       used 5641K, capacity 5700K, committed 5760K, reserved 1060864K
  class space    used 611K, capacity 624K, committed 640K, reserved 1048576K
}
Event: 0.351 GC heap before
{Heap before GC invocations=2 (full 1):
 PSYoungGen      total 112128K, used 2605K [0x0000000743100000, 0x000000074ae00000, 0x00000007c0000000)
  eden space 96256K, 0% used [0x0000000743100000,0x0000000743100000,0x0000000748f00000)
  from space 15872K, 16% used [0x0000000748f00000,0x000000074918b508,0x0000000749e80000)
  to   space 15872K, 0% used [0x0000000749e80000,0x0000000749e80000,0x000000074ae00000)
 ParOldGen       total 257024K, used 8K [0x0000000649200000, 0x0000000658d00000, 0x0000000743100000)
  object space 257024K, 0% used [0x0000000649200000,0x0000000649202000,0x0000000658d00000)
 Metaspace       used 5641K, capacity 5700K, committed 5760K, reserved 1060864K
  class space    used 611K, capacity 624K, committed 640K, reserved 1048576K
Event: 0.360 GC heap after
Heap after GC invocations=2 (full 1):
 PSYoungGen      total 112128K, used 0K [0x0000000743100000, 0x000000074ae00000, 0x00000007c0000000)
  eden space 96256K, 0% used [0x0000000743100000,0x0000000743100000,0x0000000748f00000)
  from space 15872K, 0% used [0x0000000748f00000,0x0000000748f00000,0x0000000749e80000)
  to   space 15872K, 0% used [0x0000000749e80000,0x0000000749e80000,0x000000074ae00000)
 ParOldGen       total 169984K, used 2253K [0x0000000649200000, 0x0000000653800000, 0x0000000743100000)
  object space 169984K, 1% used [0x0000000649200000,0x0000000649433538,0x0000000653800000)
 Metaspace       used 5641K, capacity 5700K, committed 5760K, reserved 1058816K
  class space    used 611K, capacity 624K, committed 640K, reserved 1048576K
}
Event: 1.547 GC heap before
{Heap before GC invocations=3 (full 1):
 PSYoungGen      total 112128K, used 96256K [0x0000000743100000, 0x000000074ae00000, 0x00000007c0000000)
  eden space 96256K, 100% used [0x0000000743100000,0x0000000748f00000,0x0000000748f00000)
  from space 15872K, 0% used [0x0000000748f00000,0x0000000748f00000,0x0000000749e80000)
  to   space 15872K, 0% used [0x0000000749e80000,0x0000000749e80000,0x000000074ae00000)
 ParOldGen       total 169984K, used 2253K [0x0000000649200000, 0x0000000653800000, 0x0000000743100000)
  object space 169984K, 1% used [0x0000000649200000,0x0000000649433538,0x0000000653800000)
 Metaspace       used 15212K, capacity 16354K, committed 16640K, reserved 1067008K
  class space    used 1948K, capacity 2201K, committed 2304K, reserved 1048576K
Event: 1.553 GC heap after
Heap after GC invocations=3 (full 1):
 PSYoungGen      total 112128K, used 8140K [0x0000000743100000, 0x000000074c300000, 0x00000007c0000000)
  eden space 96256K, 0% used [0x0000000743100000,0x0000000743100000,0x0000000748f00000)
  from space 15872K, 51% used [0x0000000749e80000,0x000000074a673290,0x000000074ae00000)
  to   space 15872K, 0% used [0x0000000748f00000,0x0000000748f00000,0x0000000749e80000)
 ParOldGen       total 169984K, used 2261K [0x0000000649200000, 0x0000000653800000, 0x0000000743100000)
  object space 169984K, 1% used [0x0000000649200000,0x0000000649435538,0x0000000653800000)
 Metaspace       used 15212K, capacity 16354K, committed 16640K, reserved 1067008K
  class space    used 1948K, capacity 2201K, committed 2304K, reserved 1048576K
}
Event: 1.993 GC heap before
{Heap before GC invocations=4 (full 1):
 PSYoungGen      total 112128K, used 53921K [0x0000000743100000, 0x000000074c300000, 0x00000007c0000000)
  eden space 96256K, 47% used [0x0000000743100000,0x0000000745db51b8,0x0000000748f00000)
  from space 15872K, 51% used [0x0000000749e80000,0x000000074a673290,0x000000074ae00000)
  to   space 15872K, 0% used [0x0000000748f00000,0x0000000748f00000,0x0000000749e80000)
 ParOldGen       total 169984K, used 2261K [0x0000000649200000, 0x0000000653800000, 0x0000000743100000)
  object space 169984K, 1% used [0x0000000649200000,0x0000000649435538,0x0000000653800000)
 Metaspace       used 19760K, capacity 21238K, committed 21296K, reserved 1071104K
  class space    used 2554K, capacity 2849K, committed 2864K, reserved 1048576K
Event: 1.997 GC heap after
Heap after GC invocations=4 (full 1):
 PSYoungGen      total 112128K, used 7320K [0x0000000743100000, 0x000000074c580000, 0x00000007c0000000)
  eden space 96256K, 0% used [0x0000000743100000,0x0000000743100000,0x0000000748f00000)
  from space 15872K, 46% used [0x0000000748f00000,0x0000000749626158,0x0000000749e80000)
  to   space 15872K, 0% used [0x000000074b600000,0x000000074b600000,0x000000074c580000)
 ParOldGen       total 169984K, used 2269K [0x0000000649200000, 0x0000000653800000, 0x0000000743100000)
  object space 169984K, 1% used [0x0000000649200000,0x0000000649437538,0x0000000653800000)
 Metaspace       used 19760K, capacity 21238K, committed 21296K, reserved 1071104K
  class space    used 2554K, capacity 2849K, committed 2864K, reserved 1048576K
}
Event: 1.997 GC heap before
{Heap before GC invocations=5 (full 2):
 PSYoungGen      total 112128K, used 7320K [0x0000000743100000, 0x000000074c580000, 0x00000007c0000000)
  eden space 96256K, 0% used [0x0000000743100000,0x0000000743100000,0x0000000748f00000)
  from space 15872K, 46% used [0x0000000748f00000,0x0000000749626158,0x0000000749e80000)
  to   space 15872K, 0% used [0x000000074b600000,0x000000074b600000,0x000000074c580000)
 ParOldGen       total 169984K, used 2269K [0x0000000649200000, 0x0000000653800000, 0x0000000743100000)
  object space 169984K, 1% used [0x0000000649200000,0x0000000649437538,0x0000000653800000)
 Metaspace       used 19760K, capacity 21238K, committed 21296K, reserved 1071104K
  class space    used 2554K, capacity 2849K, committed 2864K, reserved 1048576K
Event: 2.017 GC heap after
Heap after GC invocations=5 (full 2):
 PSYoungGen      total 112128K, used 0K [0x0000000743100000, 0x000000074c580000, 0x00000007c0000000)
  eden space 96256K, 0% used [0x0000000743100000,0x0000000743100000,0x0000000748f00000)
  from space 15872K, 0% used [0x0000000748f00000,0x0000000748f00000,0x0000000749e80000)
  to   space 15872K, 0% used [0x000000074b600000,0x000000074b600000,0x000000074c580000)
 ParOldGen       total 169984K, used 8246K [0x0000000649200000, 0x0000000653800000, 0x0000000743100000)
  object space 169984K, 4% used [0x0000000649200000,0x0000000649a0d960,0x0000000653800000)
 Metaspace       used 19760K, capacity 21238K, committed 21296K, reserved 1071104K
  class space    used 2554K, capacity 2849K, committed 2864K, reserved 1048576K
}

