# JRE version: Java(TM) SE Runtime Environment (8.0_321-b07) (build 1.8.0_321-b07)
# Java VM: Java HotSpot(TM) 64-Bit Server VM (25.321-b07 mixed mode windows-amd64 compressed oops)
Heap:
 PSYoungGen      total 112128K, used 14203K [0x0000000743100000, 0x000000074cc80000, 0x00000007c0000000)
  eden space 96256K, 14% used [0x0000000743100000,0x0000000743edef70,0x0000000748f00000)
  from space 15872K, 0% used [0x0000000748f00000,0x0000000748f00000,0x0000000749e80000)
  to   space 15872K, 0% used [0x000000074bd00000,0x000000074bd00000,0x000000074cc80000)
 ParOldGen       total 171008K, used 17127K [0x0000000649200000, 0x0000000653900000, 0x0000000743100000)
  object space 171008K, 10% used [0x0000000649200000,0x000000064a2b9d38,0x0000000653900000)
 Metaspace       used 33151K, capacity 35336K, committed 35712K, reserved 1081344K
  class space    used 4471K, capacity 4897K, committed 4992K, reserved 1048576K
GC Heap History (10 events):
Event: 3.165 GC heap before
{Heap before GC invocations=4 (full 1):
 PSYoungGen      total 112128K, used 96256K [0x0000000743100000, 0x000000074ae00000, 0x00000007c0000000)
  eden space 96256K, 100% used [0x0000000743100000,0x0000000748f00000,0x0000000748f00000)
  from space 15872K, 0% used [0x0000000749e80000,0x0000000749e80000,0x000000074ae00000)
  to   space 15872K, 0% used [0x0000000748f00000,0x0000000748f00000,0x0000000749e80000)
 ParOldGen       total 171008K, used 14079K [0x0000000649200000, 0x0000000653900000, 0x0000000743100000)
  object space 171008K, 8% used [0x0000000649200000,0x0000000649fbfff0,0x0000000653900000)
 Metaspace       used 23957K, capacity 25400K, committed 25728K, reserved 1073152K
  class space    used 3304K, capacity 3632K, committed 3712K, reserved 1048576K
Event: 3.170 GC heap after
Heap after GC invocations=4 (full 1):
 PSYoungGen      total 112128K, used 8893K [0x0000000743100000, 0x000000074cc80000, 0x00000007c0000000)
  eden space 96256K, 0% used [0x0000000743100000,0x0000000743100000,0x0000000748f00000)
  from space 15872K, 56% used [0x0000000748f00000,0x00000007497af418,0x0000000749e80000)
  to   space 15872K, 0% used [0x000000074bd00000,0x000000074bd00000,0x000000074cc80000)
 ParOldGen       total 171008K, used 14087K [0x0000000649200000, 0x0000000653900000, 0x0000000743100000)
  object space 171008K, 8% used [0x0000000649200000,0x0000000649fc1ff0,0x0000000653900000)
 Metaspace       used 23957K, capacity 25400K, committed 25728K, reserved 1073152K
  class space    used 3304K, capacity 3632K, committed 3712K, reserved 1048576K
}
Event: 3.938 GC heap before
{Heap before GC invocations=5 (full 1):
 PSYoungGen      total 112128K, used 102848K [0x0000000743100000, 0x000000074cc80000, 0x00000007c0000000)
  eden space 96256K, 97% used [0x0000000743100000,0x0000000748cc0dc0,0x0000000748f00000)
  from space 15872K, 56% used [0x0000000748f00000,0x00000007497af418,0x0000000749e80000)
  to   space 15872K, 0% used [0x000000074bd00000,0x000000074bd00000,0x000000074cc80000)
 ParOldGen       total 171008K, used 14087K [0x0000000649200000, 0x0000000653900000, 0x0000000743100000)
  object space 171008K, 8% used [0x0000000649200000,0x0000000649fc1ff0,0x0000000653900000)
 Metaspace       used 31927K, capacity 34188K, committed 34304K, reserved 1083392K
  class space    used 4350K, capacity 4777K, committed 4864K, reserved 1048576K
Event: 3.949 GC heap after
Heap after GC invocations=5 (full 1):
 PSYoungGen      total 112128K, used 14260K [0x0000000743100000, 0x000000074cc80000, 0x00000007c0000000)
  eden space 96256K, 0% used [0x0000000743100000,0x0000000743100000,0x0000000748f00000)
  from space 15872K, 89% used [0x000000074bd00000,0x000000074caed0e8,0x000000074cc80000)
  to   space 15872K, 0% used [0x0000000748f00000,0x0000000748f00000,0x0000000749e80000)
 ParOldGen       total 171008K, used 14095K [0x0000000649200000, 0x0000000653900000, 0x0000000743100000)
  object space 171008K, 8% used [0x0000000649200000,0x0000000649fc3ff0,0x0000000653900000)
 Metaspace       used 31927K, capacity 34188K, committed 34304K, reserved 1083392K
  class space    used 4350K, capacity 4777K, committed 4864K, reserved 1048576K
}
Event: 3.949 GC heap before
{Heap before GC invocations=6 (full 2):
 PSYoungGen      total 112128K, used 14260K [0x0000000743100000, 0x000000074cc80000, 0x00000007c0000000)
  eden space 96256K, 0% used [0x0000000743100000,0x0000000743100000,0x0000000748f00000)
  from space 15872K, 89% used [0x000000074bd00000,0x000000074caed0e8,0x000000074cc80000)
  to   space 15872K, 0% used [0x0000000748f00000,0x0000000748f00000,0x0000000749e80000)
 ParOldGen       total 171008K, used 14095K [0x0000000649200000, 0x0000000653900000, 0x0000000743100000)
  object space 171008K, 8% used [0x0000000649200000,0x0000000649fc3ff0,0x0000000653900000)
 Metaspace       used 31927K, capacity 34188K, committed 34304K, reserved 1083392K
  class space    used 4350K, capacity 4777K, committed 4864K, reserved 1048576K
Event: 3.998 GC heap after
Heap after GC invocations=6 (full 2):
 PSYoungGen      total 112128K, used 0K [0x0000000743100000, 0x000000074cc80000, 0x00000007c0000000)
  eden space 96256K, 0% used [0x0000000743100000,0x0000000743100000,0x0000000748f00000)
  from space 15872K, 0% used [0x000000074bd00000,0x000000074bd00000,0x000000074cc80000)
  to   space 15872K, 0% used [0x0000000748f00000,0x0000000748f00000,0x0000000749e80000)
 ParOldGen       total 171008K, used 20402K [0x0000000649200000, 0x0000000653900000, 0x0000000743100000)
  object space 171008K, 11% used [0x0000000649200000,0x000000064a5eca10,0x0000000653900000)
 Metaspace       used 31927K, capacity 34188K, committed 34304K, reserved 1081344K
  class space    used 4350K, capacity 4777K, committed 4864K, reserved 1048576K
}
Event: 3.998 GC heap before
{Heap before GC invocations=7 (full 2):
 PSYoungGen      total 112128K, used 0K [0x0000000743100000, 0x000000074cc80000, 0x00000007c0000000)
  eden space 96256K, 0% used [0x0000000743100000,0x0000000743100000,0x0000000748f00000)
  from space 15872K, 0% used [0x000000074bd00000,0x000000074bd00000,0x000000074cc80000)
  to   space 15872K, 0% used [0x0000000748f00000,0x0000000748f00000,0x0000000749e80000)
 ParOldGen       total 171008K, used 20402K [0x0000000649200000, 0x0000000653900000, 0x0000000743100000)
  object space 171008K, 11% used [0x0000000649200000,0x000000064a5eca10,0x0000000653900000)
 Metaspace       used 31927K, capacity 34188K, committed 34304K, reserved 1085440K
  class space    used 4350K, capacity 4777K, committed 4864K, reserved 1048576K
Event: 3.999 GC heap after
Heap after GC invocations=7 (full 2):
 PSYoungGen      total 112128K, used 0K [0x0000000743100000, 0x000000074cc80000, 0x00000007c0000000)
  eden space 96256K, 0% used [0x0000000743100000,0x0000000743100000,0x0000000748f00000)
  from space 15872K, 0% used [0x0000000748f00000,0x0000000748f00000,0x0000000749e80000)
  to   space 15872K, 0% used [0x000000074bd00000,0x000000074bd00000,0x000000074cc80000)
 ParOldGen       total 171008K, used 20402K [0x0000000649200000, 0x0000000653900000, 0x0000000743100000)
  object space 171008K, 11% used [0x0000000649200000,0x000000064a5eca10,0x0000000653900000)
 Metaspace       used 31927K, capacity 34188K, committed 34304K, reserved 1085440K
  class space    used 4350K, capacity 4777K, committed 4864K, reserved 1048576K
}
Event: 3.999 GC heap before
{Heap before GC invocations=8 (full 3):
 PSYoungGen      total 112128K, used 0K [0x0000000743100000, 0x000000074cc80000, 0x00000007c0000000)
  eden space 96256K, 0% used [0x0000000743100000,0x0000000743100000,0x0000000748f00000)
  from space 15872K, 0% used [0x0000000748f00000,0x0000000748f00000,0x0000000749e80000)
  to   space 15872K, 0% used [0x000000074bd00000,0x000000074bd00000,0x000000074cc80000)
 ParOldGen       total 171008K, used 20402K [0x0000000649200000, 0x0000000653900000, 0x0000000743100000)
  object space 171008K, 11% used [0x0000000649200000,0x000000064a5eca10,0x0000000653900000)
 Metaspace       used 31927K, capacity 34188K, committed 34304K, reserved 1085440K
  class space    used 4350K, capacity 4777K, committed 4864K, reserved 1048576K
Event: 4.068 GC heap after
Heap after GC invocations=8 (full 3):
 PSYoungGen      total 112128K, used 0K [0x0000000743100000, 0x000000074cc80000, 0x00000007c0000000)
  eden space 96256K, 0% used [0x0000000743100000,0x0000000743100000,0x0000000748f00000)
  from space 15872K, 0% used [0x0000000748f00000,0x0000000748f00000,0x0000000749e80000)
  to   space 15872K, 0% used [0x000000074bd00000,0x000000074bd00000,0x000000074cc80000)
 ParOldGen       total 171008K, used 17127K [0x0000000649200000, 0x0000000653900000, 0x0000000743100000)
  object space 171008K, 10% used [0x0000000649200000,0x000000064a2b9d38,0x0000000653900000)
 Metaspace       used 31722K, capacity 33858K, committed 34304K, reserved 1081344K
  class space    used 4316K, capacity 4714K, committed 4864K, reserved 1048576K
}

